12-10-2014 @ 21:09:46 - Sending: 
Title: Test Notification
Message: This is a test notification from WC22 Test
URL: http://wc22.com/wp-admin/
12-10-2014 @ 21:09:46 - Response: 
Array
(
    [headers] => Array
        (
            [date] => Wed, 10 Dec 2014 21:09:52 GMT
            [content-type] => application/json; charset=utf-8
            [connection] => close
            [status] => 200 OK
            [access-control-allow-origin] => *
            [access-control-allow-methods] => POST, OPTIONS
            [access-control-allow-headers] => X-Requested-With, X-Prototype-Version, Origin, Accept, Content-Type, X-CSRF-Token, X-Pushover-App
            [access-control-max-age] => 1728000
            [x-limit-app-limit] => 7500
            [x-limit-app-remaining] => 7499
            [x-limit-app-reset] => 1420092000
            [x-ua-compatible] => IE=Edge,chrome=1
            [etag] => "84bdda6458123aaaea54c4104cf9a10c"
            [cache-control] => max-age=0, private, must-revalidate
            [x-request-id] => 30ae8d3ef249dc7cbcbdc7695aa13dd1
            [x-runtime] => 0.026847
            [x-frame-options] => DENY
            [strict-transport-security] => max-age=31536000
        )

    [body] => {"status":1,"request":"30ae8d3ef249dc7cbcbdc7695aa13dd1"}
    [response] => Array
        (
            [code] => 200
            [message] => OK
        )

    [cookies] => Array
        (
        )

    [filename] => 
)

12-10-2014 @ 21:09:46 - Pushover response
Array
(
    [headers] => Array
        (
            [date] => Wed, 10 Dec 2014 21:09:52 GMT
            [content-type] => application/json; charset=utf-8
            [connection] => close
            [status] => 200 OK
            [access-control-allow-origin] => *
            [access-control-allow-methods] => POST, OPTIONS
            [access-control-allow-headers] => X-Requested-With, X-Prototype-Version, Origin, Accept, Content-Type, X-CSRF-Token, X-Pushover-App
            [access-control-max-age] => 1728000
            [x-limit-app-limit] => 7500
            [x-limit-app-remaining] => 7499
            [x-limit-app-reset] => 1420092000
            [x-ua-compatible] => IE=Edge,chrome=1
            [etag] => "84bdda6458123aaaea54c4104cf9a10c"
            [cache-control] => max-age=0, private, must-revalidate
            [x-request-id] => 30ae8d3ef249dc7cbcbdc7695aa13dd1
            [x-runtime] => 0.026847
            [x-frame-options] => DENY
            [strict-transport-security] => max-age=31536000
        )

    [body] => {"status":1,"request":"30ae8d3ef249dc7cbcbdc7695aa13dd1"}
    [response] => Array
        (
            [code] => 200
            [message] => OK
        )

    [cookies] => Array
        (
        )

    [filename] => 
)

12-10-2014 @ 21:11:03 - Sending: 
Title: New Order 376
Message: Daniel Espinoza ordered Happy Ninja for $38.50 
URL: http://wc22.com/wp-admin/
12-10-2014 @ 21:11:03 - Response: 
Array
(
    [headers] => Array
        (
            [date] => Wed, 10 Dec 2014 21:11:09 GMT
            [content-type] => application/json; charset=utf-8
            [connection] => close
            [status] => 200 OK
            [access-control-allow-origin] => *
            [access-control-allow-methods] => POST, OPTIONS
            [access-control-allow-headers] => X-Requested-With, X-Prototype-Version, Origin, Accept, Content-Type, X-CSRF-Token, X-Pushover-App
            [access-control-max-age] => 1728000
            [x-limit-app-limit] => 7500
            [x-limit-app-remaining] => 7498
            [x-limit-app-reset] => 1420092000
            [x-ua-compatible] => IE=Edge,chrome=1
            [etag] => "499d64ba40c2217cc50c3e55ee19c9c9"
            [cache-control] => max-age=0, private, must-revalidate
            [x-request-id] => cf5121465b437806232ca29cdc82e284
            [x-runtime] => 0.027644
            [x-frame-options] => DENY
            [strict-transport-security] => max-age=31536000
        )

    [body] => {"status":1,"request":"cf5121465b437806232ca29cdc82e284"}
    [response] => Array
        (
            [code] => 200
            [message] => OK
        )

    [cookies] => Array
        (
        )

    [filename] => 
)

12-10-2014 @ 21:11:03 - Pushover response
Array
(
    [headers] => Array
        (
            [date] => Wed, 10 Dec 2014 21:11:09 GMT
            [content-type] => application/json; charset=utf-8
            [connection] => close
            [status] => 200 OK
            [access-control-allow-origin] => *
            [access-control-allow-methods] => POST, OPTIONS
            [access-control-allow-headers] => X-Requested-With, X-Prototype-Version, Origin, Accept, Content-Type, X-CSRF-Token, X-Pushover-App
            [access-control-max-age] => 1728000
            [x-limit-app-limit] => 7500
            [x-limit-app-remaining] => 7498
            [x-limit-app-reset] => 1420092000
            [x-ua-compatible] => IE=Edge,chrome=1
            [etag] => "499d64ba40c2217cc50c3e55ee19c9c9"
            [cache-control] => max-age=0, private, must-revalidate
            [x-request-id] => cf5121465b437806232ca29cdc82e284
            [x-runtime] => 0.027644
            [x-frame-options] => DENY
            [strict-transport-security] => max-age=31536000
        )

    [body] => {"status":1,"request":"cf5121465b437806232ca29cdc82e284"}
    [response] => Array
        (
            [code] => 200
            [message] => OK
        )

    [cookies] => Array
        (
        )

    [filename] => 
)

